<?xml version="1.0" encoding="UTF-8"?>
<testsuites name="jest tests" tests="23" failures="0" errors="0" time="6.986">
  <testsuite name="Select Component" errors="0" failures="0" skipped="0" timestamp="2023-10-05T18:12:57" time="2.671" tests="4">
    <testcase classname="Select Component Render Should render the select input" name="Select Component Render Should render the select input" time="0.181">
    </testcase>
    <testcase classname="Select Component Render Should display error styles and message when error prop is true" name="Select Component Render Should display error styles and message when error prop is true" time="0.054">
    </testcase>
    <testcase classname="Select Component Behavior Should handle value and onChange correctly" name="Select Component Behavior Should handle value and onChange correctly" time="0.13">
    </testcase>
    <testcase classname="Select Component Behavior Should display the placeholder correctly" name="Select Component Behavior Should display the placeholder correctly" time="0.005">
    </testcase>
  </testsuite>
  <testsuite name="Input Component" errors="0" failures="0" skipped="0" timestamp="2023-10-05T18:12:57" time="2.785" tests="4">
    <testcase classname="Input Component Render Should render the input" name="Input Component Render Should render the input" time="0.192">
    </testcase>
    <testcase classname="Input Component Render Should display error styles and message when error prop is true" name="Input Component Render Should display error styles and message when error prop is true" time="0.04">
    </testcase>
    <testcase classname="Input Component Render Should forward ref correctly" name="Input Component Render Should forward ref correctly" time="0.021">
    </testcase>
    <testcase classname="Input Component Behavior Should handle value and onChange correctly" name="Input Component Behavior Should handle value and onChange correctly" time="0.207">
    </testcase>
  </testsuite>
  <testsuite name="Card component" errors="0" failures="0" skipped="0" timestamp="2023-10-05T18:12:57" time="2.971" tests="3">
    <testcase classname="Card component Should render Card Component" name="Card component Should render Card Component" time="0.065">
    </testcase>
    <testcase classname="Card component Should display title and value correctly" name="Card component Should display title and value correctly" time="0.014">
    </testcase>
    <testcase classname="Card component Should render the icon" name="Card component Should render the icon" time="0.006">
    </testcase>
  </testsuite>
  <testsuite name="Button component" errors="0" failures="0" skipped="0" timestamp="2023-10-05T18:12:57" time="3.081" tests="5">
    <testcase classname="Button component Render Should render without errors" name="Button component Render Should render without errors" time="0.117">
    </testcase>
    <testcase classname="Button component Variants Should have primary styles when variant is primary" name="Button component Variants Should have primary styles when variant is primary" time="0.015">
    </testcase>
    <testcase classname="Button component Variants Should have outlined styles when variant is outlined" name="Button component Variants Should have outlined styles when variant is outlined" time="0.019">
    </testcase>
    <testcase classname="Button component Variants Should have danger styles when variant is danger" name="Button component Variants Should have danger styles when variant is danger" time="0.012">
    </testcase>
    <testcase classname="Button component Behavior Should handle onClick event" name="Button component Behavior Should handle onClick event" time="0.067">
    </testcase>
  </testsuite>
  <testsuite name="CurrencyInput component" errors="0" failures="0" skipped="0" timestamp="2023-10-05T18:12:57" time="3.209" tests="4">
    <testcase classname="CurrencyInput component Render Should render a CurrencyInput" name="CurrencyInput component Render Should render a CurrencyInput" time="0.134">
    </testcase>
    <testcase classname="CurrencyInput component Render Should display error styles and message when error prop is true" name="CurrencyInput component Render Should display error styles and message when error prop is true" time="0.033">
    </testcase>
    <testcase classname="CurrencyInput component Behavior Should handle value correctly" name="CurrencyInput component Behavior Should handle value correctly" time="0.013">
    </testcase>
    <testcase classname="CurrencyInput component Behavior Should handle onValueChange correctly" name="CurrencyInput component Behavior Should handle onValueChange correctly" time="0.176">
    </testcase>
  </testsuite>
  <testsuite name="DatePicker component" errors="0" failures="0" skipped="0" timestamp="2023-10-05T18:12:57" time="4.075" tests="3">
    <testcase classname="DatePicker component Render Should render the datepicker component" name="DatePicker component Render Should render the datepicker component" time="0.112">
    </testcase>
    <testcase classname="DatePicker component Render Should display error styles and message when error prop is true" name="DatePicker component Render Should display error styles and message when error prop is true" time="0.025">
    </testcase>
    <testcase classname="DatePicker component Behavior Should handle and display date correctly" name="DatePicker component Behavior Should handle and display date correctly" time="0.622">
    </testcase>
  </testsuite>
</testsuites>